#
# There is insufficient memory for the Java Runtime Environment to continue.
# Native memory allocation (malloc) failed to allocate 198816 bytes for Chunk::new
# Possible reasons:
#   The system is out of physical RAM or swap space
#   In 32 bit mode, the process size limit was hit
# Possible solutions:
#   Reduce memory load on the system
#   Increase physical memory or swap space
#   Check if swap backing store is full
#   Use 64 bit Java on a 64 bit OS
#   Decrease Java heap size (-Xmx/-Xms)
#   Decrease number of Java threads
#   Decrease Java thread stack sizes (-Xss)
#   Set larger code cache with -XX:ReservedCodeCacheSize=
# This output file may be truncated or incomplete.
#
#  Out of Memory Error (allocation.cpp:323), pid=5776, tid=1840
#
# JRE version: Java(TM) SE Runtime Environment (7.0_79-b15) (build 1.7.0_79-b15)
# Java VM: Java HotSpot(TM) 64-Bit Server VM (24.79-b02 mixed mode windows-amd64 compressed oops)
# Failed to write core dump. Minidumps are not enabled by default on client versions of Windows
#

---------------  T H R E A D  ---------------

Current thread (0x0000000008b2b800):  JavaThread "C2 CompilerThread1" daemon [_thread_in_native, id=1840, stack(0x000000000b240000,0x000000000b340000)]

Stack: [0x000000000b240000,0x000000000b340000]
[error occurred during error reporting (printing stack bounds), id 0xc0000005]


[error occurred during error reporting (printing native stack), id 0xc0000005]


Current CompileTask:
C2:   1610  221             com.android.dx.ssa.SsaBasicBlock::newFromRop (183 bytes)


---------------  P R O C E S S  ---------------

Java Threads: ( => current thread )
  0x0000000008b2f800 JavaThread "Service Thread" daemon [_thread_blocked, id=2804, stack(0x000000000b4b0000,0x000000000b5b0000)]
=>0x0000000008b2b800 JavaThread "C2 CompilerThread1" daemon [_thread_in_native, id=1840, stack(0x000000000b240000,0x000000000b340000)]
  0x0000000008b24000 JavaThread "C2 CompilerThread0" daemon [_thread_blocked, id=5592, stack(0x000000000b3a0000,0x000000000b4a0000)]
  0x0000000008b23000 JavaThread "Attach Listener" daemon [_thread_blocked, id=6948, stack(0x000000000af60000,0x000000000b060000)]
  0x0000000008b21000 JavaThread "Signal Dispatcher" daemon [_thread_blocked, id=6604, stack(0x000000000b0e0000,0x000000000b1e0000)]
  0x0000000008b11800 JavaThread "Finalizer" daemon [_thread_blocked, id=5964, stack(0x000000000acf0000,0x000000000adf0000)]
  0x0000000002127800 JavaThread "Reference Handler" daemon [_thread_blocked, id=1576, stack(0x000000000ae60000,0x000000000af60000)]
  0x00000000004fe800 JavaThread "main" [_thread_blocked, id=7132, stack(0x0000000002290000,0x0000000002390000)]

Other Threads:
  0x0000000008b0e000 VMThread [stack: 0x000000000ab90000,0x000000000ac90000] [id=4848]
  0x0000000009bdc800 WatcherThread [stack: 0x000000000b6c0000,0x000000000b7c0000] [id=1268]

VM state:at safepoint (normal execution)

VM Mutex/Monitor currently owned by a thread:  ([mutex/lock_event])
[0x00000000004fc720] Threads_lock - owner thread: 0x0000000008b0e000
[0x00000000004fcc20] Heap_lock - owner thread: 0x00000000004fe800

Heap
 PSYoungGen      total 38400K, used 33280K [0x00000000eaa80000, 0x00000000ed500000, 0x0000000100000000)
  eden space 33280K, 100% used [0x00000000eaa80000,0x00000000ecb00000,0x00000000ecb00000)
  from space 5120K, 0% used [0x00000000ed000000,0x00000000ed000000,0x00000000ed500000)
  to   space 5120K, 39% used [0x00000000ecb00000,0x00000000eccfdc88,0x00000000ed000000)
 ParOldGen       total 87040K, used 8K [0x00000000c0000000, 0x00000000c5500000, 0x00000000eaa80000)
  object space 87040K, 0% used [0x00000000c0000000,0x00000000c0002000,0x00000000c5500000)
 PSPermGen       total 21504K, used 5560K [0x00000000bae00000, 0x00000000bc300000, 0x00000000c0000000)
  object space 21504K, 25% used [0x00000000bae00000,0x00000000bb36e298,0x00000000bc300000)

Card table byte_map: [0x0000000005450000,0x0000000005680000] byte_map_base: 0x0000000004e79000

Polling page: 0x0000000000230000

Code Cache  [0x0000000002390000, 0x0000000002600000, 0x0000000005390000)
 total_blobs=461 nmethods=228 adapters=186 free_code_cache=48242Kb largest_free_block=49374208

Compilation events (10 events):
Event: 1.572 Thread 0x0000000008b24000 nmethod 225 0x0000000002467fd0 code [0x00000000024681e0, 0x00000000024688e0]
Event: 1.572 Thread 0x0000000008b24000  226             com.android.dx.rop.type.Prototype::makeParameterArray (131 bytes)
Event: 1.578 Thread 0x0000000008b24000 nmethod 226 0x000000000245ff50 code [0x00000000024600a0, 0x0000000002460498]
Event: 1.578 Thread 0x0000000008b24000  227             com.android.dx.rop.code.InsnList::getLast (11 bytes)
Event: 1.579 Thread 0x0000000008b24000 nmethod 227 0x000000000245ec10 code [0x000000000245ed60, 0x000000000245ee38]
Event: 1.579 Thread 0x0000000008b24000  228             com.android.dx.dex.code.CodeAddress::<init> (11 bytes)
Event: 1.580 Thread 0x0000000008b24000 nmethod 228 0x0000000002457bd0 code [0x0000000002457d20, 0x0000000002457db8]
Event: 1.580 Thread 0x0000000008b24000  229             com.android.dx.dex.code.CodeAddress::<init> (7 bytes)
Event: 1.580 Thread 0x0000000008b24000 nmethod 229 0x000000000245fc90 code [0x000000000245fde0, 0x000000000245fe78]
Event: 1.580 Thread 0x0000000008b24000  230             com.android.dx.ssa.back.SsaToRop::removePhiFunctions (83 bytes)

GC Heap History (1 events):
Event: 1.604 GC heap before
{Heap before GC invocations=1 (full 0):
 PSYoungGen      total 38400K, used 33280K [0x00000000eaa80000, 0x00000000ed500000, 0x0000000100000000)
  eden space 33280K, 100% used [0x00000000eaa80000,0x00000000ecb00000,0x00000000ecb00000)
  from space 5120K, 0% used [0x00000000ed000000,0x00000000ed000000,0x00000000ed500000)
  to   space 5120K, 0% used [0x00000000ecb00000,0x00000000ecb00000,0x00000000ed000000)
 ParOldGen       total 87040K, used 0K [0x00000000c0000000, 0x00000000c5500000, 0x00000000eaa80000)
  object space 87040K, 0% used [0x00000000c0000000,0x00000000c0000000,0x00000000c5500000)
 PSPermGen       total 21504K, used 5560K [0x00000000bae00000, 0x00000000bc300000, 0x00000000c0000000)
  object space 21504K, 25% used [0x00000000bae00000,0x00000000bb36e298,0x00000000bc300000)

Deoptimization events (9 events):
Event: 0.384 Thread 0x00000000004fe800 Uncommon trap: reason=bimorphic action=maybe_recompile pc=0x0000000002402fc4 method=java.util.HashMap.getEntry(Ljava/lang/Object;)Ljava/util/HashMap$Entry; @ 68
Event: 0.482 Thread 0x00000000004fe800 Uncommon trap: reason=bimorphic action=maybe_recompile pc=0x0000000002402fc4 method=java.util.HashMap.getEntry(Ljava/lang/Object;)Ljava/util/HashMap$Entry; @ 68
Event: 0.483 Thread 0x00000000004fe800 Uncommon trap: reason=bimorphic action=maybe_recompile pc=0x0000000002402fc4 method=java.util.HashMap.getEntry(Ljava/lang/Object;)Ljava/util/HashMap$Entry; @ 68
Event: 0.618 Thread 0x00000000004fe800 Uncommon trap: reason=class_check action=maybe_recompile pc=0x0000000002404018 method=com.android.dx.ssa.NormalSsaInsn.accept(Lcom/android/dx/ssa/SsaInsn$Visitor;)V @ 9
Event: 0.618 Thread 0x00000000004fe800 Uncommon trap: reason=class_check action=maybe_recompile pc=0x0000000002404018 method=com.android.dx.ssa.NormalSsaInsn.accept(Lcom/android/dx/ssa/SsaInsn$Visitor;)V @ 9
Event: 0.618 Thread 0x00000000004fe800 Uncommon trap: reason=class_check action=maybe_recompile pc=0x0000000002404018 method=com.android.dx.ssa.NormalSsaInsn.accept(Lcom/android/dx/ssa/SsaInsn$Visitor;)V @ 9
Event: 0.618 Thread 0x00000000004fe800 Uncommon trap: reason=class_check action=maybe_recompile pc=0x0000000002404018 method=com.android.dx.ssa.NormalSsaInsn.accept(Lcom/android/dx/ssa/SsaInsn$Visitor;)V @ 9
Event: 0.635 Thread 0x00000000004fe800 Uncommon trap: reason=null_check action=make_not_entrant pc=0x000000000240dd3c method=com.android.dx.rop.code.LocalItem.equals(Ljava/lang/Object;)Z @ 1
Event: 1.384 Thread 0x00000000004fe800 Uncommon trap: reason=null_check action=make_not_entrant pc=0x0000000002461fa8 method=com.android.dx.rop.type.Type.putIntern(Lcom/android/dx/rop/type/Type;)Lcom/android/dx/rop/type/Type; @ 18

Internal exceptions (10 events):
Event: 0.592 Thread 0x00000000004fe800 Threw 0x00000000eb7061f0 at C:\re\jdk7u79\2331\hotspot\src\share\vm\prims\jvm.cpp:1304
Event: 0.635 Thread 0x00000000004fe800 Implicit null exception at 0x000000000240d9f8 to 0x000000000240dd29
Event: 0.669 Thread 0x00000000004fe800 Threw 0x00000000eb844538 at C:\re\jdk7u79\2331\hotspot\src\share\vm\prims\jvm.cpp:1304
Event: 0.768 Thread 0x00000000004fe800 Threw 0x00000000eb9efd98 at C:\re\jdk7u79\2331\hotspot\src\share\vm\prims\jvm.cpp:1304
Event: 0.780 Thread 0x00000000004fe800 Threw 0x00000000eba30640 at C:\re\jdk7u79\2331\hotspot\src\share\vm\prims\jvm.cpp:1304
Event: 0.781 Thread 0x00000000004fe800 Threw 0x00000000eba329b8 at C:\re\jdk7u79\2331\hotspot\src\share\vm\prims\jvm.cpp:1304
Event: 0.835 Thread 0x00000000004fe800 Threw 0x00000000ebb5f468 at C:\re\jdk7u79\2331\hotspot\src\share\vm\prims\jvm.cpp:1304
Event: 1.151 Thread 0x00000000004fe800 Threw 0x00000000ebfd9940 at C:\re\jdk7u79\2331\hotspot\src\share\vm\prims\jvm.cpp:1304
Event: 1.347 Thread 0x00000000004fe800 Threw 0x00000000ec45bd00 at C:\re\jdk7u79\2331\hotspot\src\share\vm\prims\jvm.cpp:1304
Event: 1.384 Thread 0x00000000004fe800 Implicit null exception at 0x000000000246189b to 0x0000000002461f99

Events (10 events):
Event: 0.835 loading class 0x0000000009bf1d10
Event: 0.835 loading class 0x0000000009bf1d10 done
Event: 1.151 loading class 0x0000000009de70e0
Event: 1.151 loading class 0x0000000009de70e0 done
Event: 1.347 loading class 0x0000000009bf1d50
Event: 1.347 loading class 0x0000000009bf1d50 done
Event: 1.384 Thread 0x00000000004fe800 Uncommon trap: trap_request=0xfffffff4 fr.pc=0x0000000002461fa8
Event: 1.384 Thread 0x00000000004fe800 DEOPT PACKING pc=0x0000000002461fa8 sp=0x000000000238ea20
Event: 1.384 Thread 0x00000000004fe800 DEOPT UNPACKING pc=0x00000000023c9064 sp=0x000000000238e940 mode 2
Event: 1.604 Executing VM operation: ParallelGCFailedAllocation


Dynamic libraries:
0x000000013f8a0000 - 0x000000013f8d3000 	C:\Program Files\Java\jdk1.7.0_79\bin\java.exe
0x0000000076de0000 - 0x0000000076f89000 	C:\Windows\SYSTEM32\ntdll.dll
0x0000000076bc0000 - 0x0000000076cdf000 	C:\Windows\system32\kernel32.dll
0x000007fefcbf0000 - 0x000007fefcc5c000 	C:\Windows\system32\KERNELBASE.dll
0x000007fefd060000 - 0x000007fefd13b000 	C:\Windows\system32\ADVAPI32.dll
0x000007fefd5b0000 - 0x000007fefd64f000 	C:\Windows\system32\msvcrt.dll
0x000007fefd590000 - 0x000007fefd5af000 	C:\Windows\SYSTEM32\sechost.dll
0x000007fefd1c0000 - 0x000007fefd2ed000 	C:\Windows\system32\RPCRT4.dll
0x0000000076ce0000 - 0x0000000076dda000 	C:\Windows\system32\USER32.dll
0x000007fefcff0000 - 0x000007fefd057000 	C:\Windows\system32\GDI32.dll
0x000007feff0e0000 - 0x000007feff0ee000 	C:\Windows\system32\LPK.dll
0x000007fefee30000 - 0x000007fefeef9000 	C:\Windows\system32\USP10.dll
0x000007fefb590000 - 0x000007fefb784000 	C:\Windows\WinSxS\amd64_microsoft.windows.common-controls_6595b64144ccf1df_6.0.7601.18837_none_fa3b1e3d17594757\COMCTL32.dll
0x000007fefe7f0000 - 0x000007fefe861000 	C:\Windows\system32\SHLWAPI.dll
0x000007fefd190000 - 0x000007fefd1be000 	C:\Windows\system32\IMM32.DLL
0x000007fefead0000 - 0x000007fefebd9000 	C:\Windows\system32\MSCTF.dll
0x000000005c750000 - 0x000000005c822000 	C:\Program Files\Java\jdk1.7.0_79\jre\bin\msvcr100.dll
0x0000000059c40000 - 0x000000005a415000 	C:\Program Files\Java\jdk1.7.0_79\jre\bin\server\jvm.dll
0x000007fefa3a0000 - 0x000007fefa3a9000 	C:\Windows\system32\WSOCK32.dll
0x000007fefd140000 - 0x000007fefd18d000 	C:\Windows\system32\WS2_32.dll
0x000007fefd2f0000 - 0x000007fefd2f8000 	C:\Windows\system32\NSI.dll
0x000007fefab80000 - 0x000007fefabbb000 	C:\Windows\system32\WINMM.dll
0x0000000076fa0000 - 0x0000000076fa7000 	C:\Windows\system32\PSAPI.DLL
0x0000000059c30000 - 0x0000000059c3f000 	C:\Program Files\Java\jdk1.7.0_79\jre\bin\verify.dll
0x0000000059c00000 - 0x0000000059c28000 	C:\Program Files\Java\jdk1.7.0_79\jre\bin\java.dll
0x0000000059be0000 - 0x0000000059bf5000 	C:\Program Files\Java\jdk1.7.0_79\jre\bin\zip.dll
0x0000000059bc0000 - 0x0000000059bda000 	C:\Program Files\Java\jdk1.7.0_79\jre\bin\net.dll
0x000007fefc330000 - 0x000007fefc385000 	C:\Windows\system32\mswsock.dll
0x000007fefc320000 - 0x000007fefc327000 	C:\Windows\System32\wship6.dll
0x0000000059ba0000 - 0x0000000059bb1000 	C:\Program Files\Java\jdk1.7.0_79\jre\bin\nio.dll

VM Arguments:
jvm_args: -Xmx1024M -Dfile.encoding=windows-1252 -Duser.country=US -Duser.language=en -Duser.variant 
java_command: com.android.dx.command.Main --dex --output C:\Users\ian\AndroidStudioProjects\Build_It_Bigger\app\build\intermediates\pre-dexed\debug\internal_impl-22.1.1-4f220a37acee48b4c5cb34090251c8e80e8bb395.jar C:\Users\ian\AndroidStudioProjects\Build_It_Bigger\app\build\intermediates\exploded-aar\com.android.support\support-v4\22.1.1\jars\libs\internal_impl-22.1.1.jar
Launcher Type: SUN_STANDARD

Environment Variables:
JAVA_HOME=C:\Program Files\Java\jdk1.7.0_79
JRE_HOME=C:\Program Files\Java\jre7
PATH=C:\Program Files (x86)\NVIDIA Corporation\PhysX\Common;C:\Windows\system32;C:\Windows;C:\Windows\System32\Wbem;C:\Windows\System32\WindowsPowerShell\v1.0\;C:\Program Files (x86)\ATI Technologies\ATI.ACE\Core-Static;C:\Program Files (x86)\AMD\ATI.ACE\Core-Static;C:\Program Files (x86)\Windows Kits\8.1\Windows Performance Toolkit\;C:\Program Files\Microsoft SQL Server\110\Tools\Binn\;C:\Program Files (x86)\Microsoft SDKs\TypeScript\1.0\;C:\Program Files\Microsoft SQL Server\120\Tools\Binn\;C:\Program Files (x86)\GtkSharp\2.12\bin;C:\Program Files\Java\jdk1.7.0_79;C:\Program Files (x86)\Skype\Phone\;C:\gradle-2.7\bin
USERNAME=ian
OS=Windows_NT
PROCESSOR_IDENTIFIER=AMD64 Family 21 Model 2 Stepping 0, AuthenticAMD



---------------  S Y S T E M  ---------------

OS: Windows 7 , 64 bit Build 7601 Service Pack 1

CPU:total 8 (8 cores per cpu, 1 threads per core) family 21 model 2 stepping 0, cmov, cx8, fxsr, mmx, sse, sse2, sse3, ssse3, sse4.1, sse4.2, popcnt, avx, aes, mmxext, 3dnowpref, lzcnt, sse4a, tsc, tscinvbit, tscinv

Memory: 4k page, physical 8358884k(1779192k free), swap 9430160k(5128k free)

vm_info: Java HotSpot(TM) 64-Bit Server VM (24.79-b02) for windows-amd64 JRE (1.7.0_79-b15), built on Apr 10 2015 12:36:16 by "java_re" with unknown MS VC++:1600

time: Mon Oct 19 15:59:31 2015
elapsed time: 1 seconds

