#
# There is insufficient memory for the Java Runtime Environment to continue.
# Native memory allocation (malloc) failed to allocate 36016 bytes for Chunk::new
# Possible reasons:
#   The system is out of physical RAM or swap space
#   In 32 bit mode, the process size limit was hit
# Possible solutions:
#   Reduce memory load on the system
#   Increase physical memory or swap space
#   Check if swap backing store is full
#   Use 64 bit Java on a 64 bit OS
#   Decrease Java heap size (-Xmx/-Xms)
#   Decrease number of Java threads
#   Decrease Java thread stack sizes (-Xss)
#   Set larger code cache with -XX:ReservedCodeCacheSize=
# This output file may be truncated or incomplete.
#
#  Out of Memory Error (allocation.cpp:323), pid=5252, tid=4832
#
# JRE version: Java(TM) SE Runtime Environment (7.0_79-b15) (build 1.7.0_79-b15)
# Java VM: Java HotSpot(TM) 64-Bit Server VM (24.79-b02 mixed mode windows-amd64 compressed oops)
# Failed to write core dump. Minidumps are not enabled by default on client versions of Windows
#

---------------  T H R E A D  ---------------

Current thread (0x0000000008b75000):  JavaThread "C2 CompilerThread0" daemon [_thread_in_native, id=4832, stack(0x000000000b190000,0x000000000b290000)]

Stack: [0x000000000b190000,0x000000000b290000]
[error occurred during error reporting (printing stack bounds), id 0xc0000005]


Current CompileTask:
C2:   2544  324             java.lang.StringBuilder::append (8 bytes)


---------------  P R O C E S S  ---------------

Java Threads: ( => current thread )
  0x0000000008b7b000 JavaThread "Service Thread" daemon [_thread_blocked, id=6388, stack(0x000000000b360000,0x000000000b460000)]
  0x0000000008b79000 JavaThread "C2 CompilerThread1" daemon [_thread_in_vm, id=6988, stack(0x000000000af20000,0x000000000b020000)]
=>0x0000000008b75000 JavaThread "C2 CompilerThread0" daemon [_thread_in_native, id=4832, stack(0x000000000b190000,0x000000000b290000)]
  0x0000000008b74000 JavaThread "Attach Listener" daemon [_thread_blocked, id=6348, stack(0x000000000b080000,0x000000000b180000)]
  0x0000000008b72800 JavaThread "Signal Dispatcher" daemon [_thread_blocked, id=4912, stack(0x000000000ae10000,0x000000000af10000)]
  0x0000000008b61000 JavaThread "Finalizer" daemon [_thread_blocked, id=6552, stack(0x000000000a9b0000,0x000000000aab0000)]
  0x0000000008b60800 JavaThread "Reference Handler" daemon [_thread_blocked, id=6320, stack(0x000000000ac20000,0x000000000ad20000)]
  0x000000000216e800 JavaThread "main" [_thread_in_Java, id=4244, stack(0x0000000002360000,0x0000000002460000)]

Other Threads:
  0x0000000008b5d800 VMThread [stack: 0x000000000aab0000,0x000000000abb0000] [id=3096]
  0x00000000099f4000 WatcherThread [stack: 0x000000000b4a0000,0x000000000b5a0000] [id=5648]

VM state:not at safepoint (normal execution)

VM Mutex/Monitor currently owned by a thread: None

Heap
 PSYoungGen      total 38400K, used 36744K [0x00000000eaa80000, 0x00000000ef580000, 0x0000000100000000)
  eden space 33280K, 95% used [0x00000000eaa80000,0x00000000ec968b80,0x00000000ecb00000)
  from space 5120K, 99% used [0x00000000ecb00000,0x00000000ecff9728,0x00000000ed000000)
  to   space 5120K, 0% used [0x00000000ef080000,0x00000000ef080000,0x00000000ef580000)
 ParOldGen       total 87040K, used 1485K [0x00000000c0000000, 0x00000000c5500000, 0x00000000eaa80000)
  object space 87040K, 1% used [0x00000000c0000000,0x00000000c0173478,0x00000000c5500000)
 PSPermGen       total 21504K, used 5601K [0x00000000bae00000, 0x00000000bc300000, 0x00000000c0000000)
  object space 21504K, 26% used [0x00000000bae00000,0x00000000bb378568,0x00000000bc300000)

Card table byte_map: [0x0000000005460000,0x0000000005690000] byte_map_base: 0x0000000004e89000

Polling page: 0x0000000000430000

Code Cache  [0x0000000002460000, 0x00000000026d0000, 0x0000000005460000)
 total_blobs=555 nmethods=322 adapters=186 free_code_cache=47758Kb largest_free_block=48858752

Compilation events (10 events):
Event: 2.488 Thread 0x0000000008b75000 nmethod 319 0x00000000025b36d0 code [0x00000000025b3820, 0x00000000025b3998]
Event: 2.488 Thread 0x0000000008b75000  320             com.android.dx.ssa.back.FirstFitLocalCombiningAllocator$1::processInsn (169 bytes)
Event: 2.527 Thread 0x0000000008b75000 nmethod 320 0x00000000025bbe90 code [0x00000000025bc160, 0x00000000025bd588]
Event: 2.527 Thread 0x0000000008b75000  321             com.android.dx.util.BitIntSet::has (28 bytes)
Event: 2.533 Thread 0x0000000008b75000 nmethod 321 0x00000000025ab890 code [0x00000000025ab9c0, 0x00000000025aba78]
Event: 2.533 Thread 0x0000000008b79000 nmethod 315 0x00000000025c2610 code [0x00000000025c29a0, 0x00000000025c4618]
Event: 2.533 Thread 0x0000000008b75000  322             com.android.dx.rop.cst.CstInteger::getType (4 bytes)
Event: 2.534 Thread 0x0000000008b79000  323             com.android.dx.ssa.DeadCodeRemover::run (194 bytes)
Event: 2.535 Thread 0x0000000008b75000 nmethod 322 0x00000000025bbc90 code [0x00000000025bbdc0, 0x00000000025bbe18]
Event: 2.535 Thread 0x0000000008b75000  324             java.lang.StringBuilder::append (8 bytes)

GC Heap History (2 events):
Event: 1.594 GC heap before
{Heap before GC invocations=1 (full 0):
 PSYoungGen      total 38400K, used 33280K [0x00000000eaa80000, 0x00000000ed500000, 0x0000000100000000)
  eden space 33280K, 100% used [0x00000000eaa80000,0x00000000ecb00000,0x00000000ecb00000)
  from space 5120K, 0% used [0x00000000ed000000,0x00000000ed000000,0x00000000ed500000)
  to   space 5120K, 0% used [0x00000000ecb00000,0x00000000ecb00000,0x00000000ed000000)
 ParOldGen       total 87040K, used 0K [0x00000000c0000000, 0x00000000c5500000, 0x00000000eaa80000)
  object space 87040K, 0% used [0x00000000c0000000,0x00000000c0000000,0x00000000c5500000)
 PSPermGen       total 21504K, used 5537K [0x00000000bae00000, 0x00000000bc300000, 0x00000000c0000000)
  object space 21504K, 25% used [0x00000000bae00000,0x00000000bb368728,0x00000000bc300000)
Event: 1.662 GC heap after
Heap after GC invocations=1 (full 0):
 PSYoungGen      total 38400K, used 5093K [0x00000000eaa80000, 0x00000000ef580000, 0x0000000100000000)
  eden space 33280K, 0% used [0x00000000eaa80000,0x00000000eaa80000,0x00000000ecb00000)
  from space 5120K, 99% used [0x00000000ecb00000,0x00000000ecff9728,0x00000000ed000000)
  to   space 5120K, 0% used [0x00000000ef080000,0x00000000ef080000,0x00000000ef580000)
 ParOldGen       total 87040K, used 1485K [0x00000000c0000000, 0x00000000c5500000, 0x00000000eaa80000)
  object space 87040K, 1% used [0x00000000c0000000,0x00000000c0173478,0x00000000c5500000)
 PSPermGen       total 21504K, used 5537K [0x00000000bae00000, 0x00000000bc300000, 0x00000000c0000000)
  object space 21504K, 25% used [0x00000000bae00000,0x00000000bb368728,0x00000000bc300000)
}

Deoptimization events (10 events):
Event: 1.415 Thread 0x000000000216e800 Uncommon trap: reason=class_check action=maybe_recompile pc=0x00000000024e7338 method=com.android.dx.ssa.NormalSsaInsn.accept(Lcom/android/dx/ssa/SsaInsn$Visitor;)V @ 9
Event: 1.415 Thread 0x000000000216e800 Uncommon trap: reason=class_check action=maybe_recompile pc=0x00000000024d2958 method=com.android.dx.ssa.NormalSsaInsn.accept(Lcom/android/dx/ssa/SsaInsn$Visitor;)V @ 9
Event: 1.417 Thread 0x000000000216e800 Uncommon trap: reason=class_check action=maybe_recompile pc=0x00000000024e7338 method=com.android.dx.ssa.NormalSsaInsn.accept(Lcom/android/dx/ssa/SsaInsn$Visitor;)V @ 9
Event: 1.525 Thread 0x000000000216e800 Uncommon trap: reason=null_check action=make_not_entrant pc=0x000000000252b0dc method=com.android.dx.rop.code.RegisterSpec.equals(Ljava/lang/Object;)Z @ 1
Event: 1.903 Thread 0x000000000216e800 Uncommon trap: reason=class_check action=maybe_recompile pc=0x0000000002527498 method=java.util.HashMap.put(Ljava/lang/Object;Ljava/lang/Object;)Ljava/lang/Object; @ 83
Event: 2.416 Thread 0x000000000216e800 Uncommon trap: reason=null_check action=make_not_entrant pc=0x00000000024ea490 method=com.android.dx.rop.type.Type.equals(Ljava/lang/Object;)Z @ 8
Event: 2.441 Thread 0x000000000216e800 Uncommon trap: reason=null_check action=make_not_entrant pc=0x00000000025af6f0 method=com.android.dx.rop.type.Type.putIntern(Lcom/android/dx/rop/type/Type;)Lcom/android/dx/rop/type/Type; @ 18
Event: 2.443 Thread 0x000000000216e800 Uncommon trap: reason=null_check action=make_not_entrant pc=0x000000000254f6f0 method=com.android.dx.cf.code.Ropper$CatchInfo.getSetup(Lcom/android/dx/rop/type/Type;)Lcom/android/dx/cf/code/Ropper$ExceptionHandlerSetup; @ 10
Event: 2.505 Thread 0x000000000216e800 Uncommon trap: reason=class_check action=maybe_recompile pc=0x000000000256f8e8 method=com.android.dx.ssa.SCCP.simulatePhi(Lcom/android/dx/ssa/PhiInsn;)V @ 124
Event: 2.519 Thread 0x000000000216e800 Uncommon trap: reason=class_check action=maybe_recompile pc=0x000000000256f8e8 method=com.android.dx.ssa.SCCP.simulatePhi(Lcom/android/dx/ssa/PhiInsn;)V @ 124

Internal exceptions (10 events):
Event: 1.240 Thread 0x000000000216e800 Threw 0x00000000ec11f398 at C:\re\jdk7u79\2331\hotspot\src\share\vm\prims\jvm.cpp:1304
Event: 1.302 Thread 0x000000000216e800 Threw 0x00000000ec2b9988 at C:\re\jdk7u79\2331\hotspot\src\share\vm\prims\jvm.cpp:1304
Event: 1.512 Thread 0x000000000216e800 Threw 0x00000000ec7f4278 at C:\re\jdk7u79\2331\hotspot\src\share\vm\prims\jvm.cpp:1304
Event: 1.521 Thread 0x000000000216e800 Threw 0x00000000ec827a40 at C:\re\jdk7u79\2331\hotspot\src\share\vm\prims\jvm.cpp:1304
Event: 1.522 Thread 0x000000000216e800 Threw 0x00000000ec831808 at C:\re\jdk7u79\2331\hotspot\src\share\vm\prims\jvm.cpp:1304
Event: 1.522 Thread 0x000000000216e800 Threw 0x00000000ec833ab8 at C:\re\jdk7u79\2331\hotspot\src\share\vm\prims\jvm.cpp:1304
Event: 1.525 Thread 0x000000000216e800 Implicit null exception at 0x000000000252a34e to 0x000000000252b095
Event: 2.416 Thread 0x000000000216e800 Implicit null exception at 0x00000000024ea392 to 0x00000000024ea482
Event: 2.441 Thread 0x000000000216e800 Implicit null exception at 0x00000000025aeff7 to 0x00000000025af6e1
Event: 2.443 Thread 0x000000000216e800 Implicit null exception at 0x000000000254d73d to 0x000000000254f6e5

Events (10 events):
Event: 2.441 Thread 0x000000000216e800 DEOPT UNPACKING pc=0x0000000002499064 sp=0x000000000245e860 mode 2
Event: 2.443 Thread 0x000000000216e800 Uncommon trap: trap_request=0xfffffff4 fr.pc=0x000000000254f6f0
Event: 2.443 Thread 0x000000000216e800 DEOPT PACKING pc=0x000000000254f6f0 sp=0x000000000245e940
Event: 2.443 Thread 0x000000000216e800 DEOPT UNPACKING pc=0x0000000002499064 sp=0x000000000245e888 mode 2
Event: 2.505 Thread 0x000000000216e800 Uncommon trap: trap_request=0xffffffde fr.pc=0x000000000256f8e8
Event: 2.505 Thread 0x000000000216e800 DEOPT PACKING pc=0x000000000256f8e8 sp=0x000000000245e8e0
Event: 2.505 Thread 0x000000000216e800 DEOPT UNPACKING pc=0x0000000002499064 sp=0x000000000245e7a0 mode 2
Event: 2.519 Thread 0x000000000216e800 Uncommon trap: trap_request=0xffffffde fr.pc=0x000000000256f8e8
Event: 2.519 Thread 0x000000000216e800 DEOPT PACKING pc=0x000000000256f8e8 sp=0x000000000245e8e0
Event: 2.519 Thread 0x000000000216e800 DEOPT UNPACKING pc=0x0000000002499064 sp=0x000000000245e7a0 mode 2


Dynamic libraries:
0x000000013fac0000 - 0x000000013faf3000 	C:\Program Files\Java\jdk1.7.0_79\bin\java.exe
0x0000000076de0000 - 0x0000000076f89000 	C:\Windows\SYSTEM32\ntdll.dll
0x0000000076bc0000 - 0x0000000076cdf000 	C:\Windows\system32\kernel32.dll
0x000007fefcbf0000 - 0x000007fefcc5c000 	C:\Windows\system32\KERNELBASE.dll
0x000007fefd060000 - 0x000007fefd13b000 	C:\Windows\system32\ADVAPI32.dll
0x000007fefd5b0000 - 0x000007fefd64f000 	C:\Windows\system32\msvcrt.dll
0x000007fefd590000 - 0x000007fefd5af000 	C:\Windows\SYSTEM32\sechost.dll
0x000007fefd1c0000 - 0x000007fefd2ed000 	C:\Windows\system32\RPCRT4.dll
0x0000000076ce0000 - 0x0000000076dda000 	C:\Windows\system32\USER32.dll
0x000007fefcff0000 - 0x000007fefd057000 	C:\Windows\system32\GDI32.dll
0x000007feff0e0000 - 0x000007feff0ee000 	C:\Windows\system32\LPK.dll
0x000007fefee30000 - 0x000007fefeef9000 	C:\Windows\system32\USP10.dll
0x000007fefb590000 - 0x000007fefb784000 	C:\Windows\WinSxS\amd64_microsoft.windows.common-controls_6595b64144ccf1df_6.0.7601.18837_none_fa3b1e3d17594757\COMCTL32.dll
0x000007fefe7f0000 - 0x000007fefe861000 	C:\Windows\system32\SHLWAPI.dll
0x000007fefd190000 - 0x000007fefd1be000 	C:\Windows\system32\IMM32.DLL
0x000007fefead0000 - 0x000007fefebd9000 	C:\Windows\system32\MSCTF.dll
0x0000000059580000 - 0x0000000059652000 	C:\Program Files\Java\jdk1.7.0_79\jre\bin\msvcr100.dll
0x0000000059c40000 - 0x000000005a415000 	C:\Program Files\Java\jdk1.7.0_79\jre\bin\server\jvm.dll
0x000007fefa3a0000 - 0x000007fefa3a9000 	C:\Windows\system32\WSOCK32.dll
0x000007fefd140000 - 0x000007fefd18d000 	C:\Windows\system32\WS2_32.dll
0x000007fefd2f0000 - 0x000007fefd2f8000 	C:\Windows\system32\NSI.dll
0x000007fefab80000 - 0x000007fefabbb000 	C:\Windows\system32\WINMM.dll
0x0000000076fa0000 - 0x0000000076fa7000 	C:\Windows\system32\PSAPI.DLL
0x0000000059c30000 - 0x0000000059c3f000 	C:\Program Files\Java\jdk1.7.0_79\jre\bin\verify.dll
0x0000000059c00000 - 0x0000000059c28000 	C:\Program Files\Java\jdk1.7.0_79\jre\bin\java.dll
0x0000000059be0000 - 0x0000000059bf5000 	C:\Program Files\Java\jdk1.7.0_79\jre\bin\zip.dll
0x0000000059bc0000 - 0x0000000059bda000 	C:\Program Files\Java\jdk1.7.0_79\jre\bin\net.dll
0x000007fefc330000 - 0x000007fefc385000 	C:\Windows\system32\mswsock.dll
0x000007fefc320000 - 0x000007fefc327000 	C:\Windows\System32\wship6.dll
0x0000000059ba0000 - 0x0000000059bb1000 	C:\Program Files\Java\jdk1.7.0_79\jre\bin\nio.dll

VM Arguments:
jvm_args: -Xmx1024M -Dfile.encoding=windows-1252 -Duser.country=US -Duser.language=en -Duser.variant 
java_command: com.android.dx.command.Main --dex --output C:\Users\ian\AndroidStudioProjects\Build_It_Bigger\app\build\intermediates\pre-dexed\debug\classes-0ba695426aa9073e7381578f5cc7e98a08ac0ad0.jar C:\Users\ian\AndroidStudioProjects\Build_It_Bigger\app\build\intermediates\exploded-aar\com.google.android.gms\play-services-wallet\7.3.0\jars\classes.jar
Launcher Type: SUN_STANDARD

Environment Variables:
JAVA_HOME=C:\Program Files\Java\jdk1.7.0_79
JRE_HOME=C:\Program Files\Java\jre7
PATH=C:\Program Files (x86)\NVIDIA Corporation\PhysX\Common;C:\Windows\system32;C:\Windows;C:\Windows\System32\Wbem;C:\Windows\System32\WindowsPowerShell\v1.0\;C:\Program Files (x86)\ATI Technologies\ATI.ACE\Core-Static;C:\Program Files (x86)\AMD\ATI.ACE\Core-Static;C:\Program Files (x86)\Windows Kits\8.1\Windows Performance Toolkit\;C:\Program Files\Microsoft SQL Server\110\Tools\Binn\;C:\Program Files (x86)\Microsoft SDKs\TypeScript\1.0\;C:\Program Files\Microsoft SQL Server\120\Tools\Binn\;C:\Program Files (x86)\GtkSharp\2.12\bin;C:\Program Files\Java\jdk1.7.0_79;C:\Program Files (x86)\Skype\Phone\;C:\gradle-2.7\bin
USERNAME=ian
OS=Windows_NT
PROCESSOR_IDENTIFIER=AMD64 Family 21 Model 2 Stepping 0, AuthenticAMD



---------------  S Y S T E M  ---------------

OS: Windows 7 , 64 bit Build 7601 Service Pack 1

CPU:total 8 (8 cores per cpu, 1 threads per core) family 21 model 2 stepping 0, cmov, cx8, fxsr, mmx, sse, sse2, sse3, ssse3, sse4.1, sse4.2, popcnt, avx, aes, mmxext, 3dnowpref, lzcnt, sse4a, tsc, tscinvbit, tscinv

Memory: 4k page, physical 8358884k(1754048k free), swap 9396632k(17284k free)

vm_info: Java HotSpot(TM) 64-Bit Server VM (24.79-b02) for windows-amd64 JRE (1.7.0_79-b15), built on Apr 10 2015 12:36:16 by "java_re" with unknown MS VC++:1600

time: Mon Oct 19 15:44:04 2015
elapsed time: 2 seconds

