#
# There is insufficient memory for the Java Runtime Environment to continue.
# Native memory allocation (malloc) failed to allocate 1696176 bytes for Chunk::new
# Possible reasons:
#   The system is out of physical RAM or swap space
#   In 32 bit mode, the process size limit was hit
# Possible solutions:
#   Reduce memory load on the system
#   Increase physical memory or swap space
#   Check if swap backing store is full
#   Use 64 bit Java on a 64 bit OS
#   Decrease Java heap size (-Xmx/-Xms)
#   Decrease number of Java threads
#   Decrease Java thread stack sizes (-Xss)
#   Set larger code cache with -XX:ReservedCodeCacheSize=
# This output file may be truncated or incomplete.
#
#  Out of Memory Error (allocation.cpp:323), pid=4600, tid=5644
#
# JRE version: Java(TM) SE Runtime Environment (7.0_79-b15) (build 1.7.0_79-b15)
# Java VM: Java HotSpot(TM) 64-Bit Server VM (24.79-b02 mixed mode windows-amd64 compressed oops)
# Failed to write core dump. Minidumps are not enabled by default on client versions of Windows
#

---------------  T H R E A D  ---------------

Current thread (0x0000000008d6d800):  JavaThread "C2 CompilerThread1" daemon [_thread_in_native, id=5644, stack(0x000000000b3e0000,0x000000000b4e0000)]

Stack: [0x000000000b3e0000,0x000000000b4e0000]
[error occurred during error reporting (printing stack bounds), id 0xc0000005]


Current CompileTask:
C2:   3207  418             com.android.dx.rop.code.Rops::ropFor (771 bytes)


---------------  P R O C E S S  ---------------

Java Threads: ( => current thread )
  0x0000000008d6f000 JavaThread "Service Thread" daemon [_thread_blocked, id=4980, stack(0x000000000b640000,0x000000000b740000)]
=>0x0000000008d6d800 JavaThread "C2 CompilerThread1" daemon [_thread_in_native, id=5644, stack(0x000000000b3e0000,0x000000000b4e0000)]
  0x0000000008d67800 JavaThread "C2 CompilerThread0" daemon [_thread_in_native, id=5908, stack(0x000000000b200000,0x000000000b300000)]
  0x0000000008d66800 JavaThread "Attach Listener" daemon [_thread_blocked, id=4712, stack(0x000000000b0d0000,0x000000000b1d0000)]
  0x0000000008d65000 JavaThread "Signal Dispatcher" daemon [_thread_blocked, id=6348, stack(0x000000000afb0000,0x000000000b0b0000)]
  0x0000000008d57000 JavaThread "Finalizer" daemon [_thread_blocked, id=2804, stack(0x000000000aaf0000,0x000000000abf0000)]
  0x0000000008d50800 JavaThread "Reference Handler" daemon [_thread_blocked, id=6568, stack(0x000000000ae60000,0x000000000af60000)]
  0x00000000023be800 JavaThread "main" [_thread_in_Java, id=5560, stack(0x00000000026a0000,0x00000000027a0000)]

Other Threads:
  0x0000000008d4d800 VMThread [stack: 0x000000000ac30000,0x000000000ad30000] [id=3240]
  0x0000000009c08800 WatcherThread [stack: 0x000000000b7e0000,0x000000000b8e0000] [id=2916]

VM state:not at safepoint (normal execution)

VM Mutex/Monitor currently owned by a thread: None

Heap
 PSYoungGen      total 71680K, used 52224K [0x00000000eaa80000, 0x00000000ef580000, 0x0000000100000000)
  eden space 66560K, 70% used [0x00000000eaa80000,0x00000000ed883ae8,0x00000000eeb80000)
  from space 5120K, 99% used [0x00000000ef080000,0x00000000ef57c878,0x00000000ef580000)
  to   space 5120K, 0% used [0x00000000eeb80000,0x00000000eeb80000,0x00000000ef080000)
 ParOldGen       total 87040K, used 6711K [0x00000000c0000000, 0x00000000c5500000, 0x00000000eaa80000)
  object space 87040K, 7% used [0x00000000c0000000,0x00000000c068dd70,0x00000000c5500000)
 PSPermGen       total 21504K, used 5671K [0x00000000bae00000, 0x00000000bc300000, 0x00000000c0000000)
  object space 21504K, 26% used [0x00000000bae00000,0x00000000bb389e50,0x00000000bc300000)

Card table byte_map: [0x00000000057a0000,0x00000000059d0000] byte_map_base: 0x00000000051c9000

Polling page: 0x0000000000130000

Code Cache  [0x00000000027a0000, 0x0000000002a10000, 0x00000000057a0000)
 total_blobs=679 nmethods=446 adapters=186 free_code_cache=47287Kb largest_free_block=48391104

Compilation events (10 events):
Event: 3.138 Thread 0x0000000008d67800 nmethod 442 0x000000000294f0d0 code [0x000000000294f200, 0x000000000294f258]
Event: 3.138 Thread 0x0000000008d67800  443             com.android.dx.ssa.PhiInsn::getSources (95 bytes)
Event: 3.147 Thread 0x0000000008d67800 nmethod 443 0x000000000296dad0 code [0x000000000296dc40, 0x000000000296e018]
Event: 3.147 Thread 0x0000000008d67800  444             java.io.DataInputStream::readUnsignedShort (39 bytes)
Event: 3.149 Thread 0x0000000008d67800 nmethod 444 0x000000000296d4d0 code [0x000000000296d620, 0x000000000296d7d8]
Event: 3.149 Thread 0x0000000008d67800  445             com.android.dx.rop.cst.TypedConstant::<init> (5 bytes)
Event: 3.149 Thread 0x0000000008d67800 nmethod 445 0x000000000296d2d0 code [0x000000000296d400, 0x000000000296d458]
Event: 3.149 Thread 0x0000000008d67800  446             com.android.dx.rop.cst.StdConstantPool::set (123 bytes)
Event: 3.152 Thread 0x0000000008d67800 nmethod 446 0x0000000002964ad0 code [0x0000000002964c40, 0x0000000002964f38]
Event: 3.152 Thread 0x0000000008d67800  447             com.android.dx.dex.cf.CfTranslator::translate0 (259 bytes)

GC Heap History (4 events):
Event: 1.324 GC heap before
{Heap before GC invocations=1 (full 0):
 PSYoungGen      total 38400K, used 33280K [0x00000000eaa80000, 0x00000000ed500000, 0x0000000100000000)
  eden space 33280K, 100% used [0x00000000eaa80000,0x00000000ecb00000,0x00000000ecb00000)
  from space 5120K, 0% used [0x00000000ed000000,0x00000000ed000000,0x00000000ed500000)
  to   space 5120K, 0% used [0x00000000ecb00000,0x00000000ecb00000,0x00000000ed000000)
 ParOldGen       total 87040K, used 0K [0x00000000c0000000, 0x00000000c5500000, 0x00000000eaa80000)
  object space 87040K, 0% used [0x00000000c0000000,0x00000000c0000000,0x00000000c5500000)
 PSPermGen       total 21504K, used 5545K [0x00000000bae00000, 0x00000000bc300000, 0x00000000c0000000)
  object space 21504K, 25% used [0x00000000bae00000,0x00000000bb36a7c8,0x00000000bc300000)
Event: 1.365 GC heap after
Heap after GC invocations=1 (full 0):
 PSYoungGen      total 38400K, used 5107K [0x00000000eaa80000, 0x00000000ef580000, 0x0000000100000000)
  eden space 33280K, 0% used [0x00000000eaa80000,0x00000000eaa80000,0x00000000ecb00000)
  from space 5120K, 99% used [0x00000000ecb00000,0x00000000ecffcf38,0x00000000ed000000)
  to   space 5120K, 0% used [0x00000000ef080000,0x00000000ef080000,0x00000000ef580000)
 ParOldGen       total 87040K, used 1517K [0x00000000c0000000, 0x00000000c5500000, 0x00000000eaa80000)
  object space 87040K, 1% used [0x00000000c0000000,0x00000000c017b490,0x00000000c5500000)
 PSPermGen       total 21504K, used 5545K [0x00000000bae00000, 0x00000000bc300000, 0x00000000c0000000)
  object space 21504K, 25% used [0x00000000bae00000,0x00000000bb36a7c8,0x00000000bc300000)
}
Event: 2.276 GC heap before
{Heap before GC invocations=2 (full 0):
 PSYoungGen      total 38400K, used 38387K [0x00000000eaa80000, 0x00000000ef580000, 0x0000000100000000)
  eden space 33280K, 100% used [0x00000000eaa80000,0x00000000ecb00000,0x00000000ecb00000)
  from space 5120K, 99% used [0x00000000ecb00000,0x00000000ecffcf38,0x00000000ed000000)
  to   space 5120K, 0% used [0x00000000ef080000,0x00000000ef080000,0x00000000ef580000)
 ParOldGen       total 87040K, used 1517K [0x00000000c0000000, 0x00000000c5500000, 0x00000000eaa80000)
  object space 87040K, 1% used [0x00000000c0000000,0x00000000c017b490,0x00000000c5500000)
 PSPermGen       total 21504K, used 5630K [0x00000000bae00000, 0x00000000bc300000, 0x00000000c0000000)
  object space 21504K, 26% used [0x00000000bae00000,0x00000000bb37f828,0x00000000bc300000)
Event: 2.339 GC heap after
Heap after GC invocations=2 (full 0):
 PSYoungGen      total 71680K, used 5106K [0x00000000eaa80000, 0x00000000ef580000, 0x0000000100000000)
  eden space 66560K, 0% used [0x00000000eaa80000,0x00000000eaa80000,0x00000000eeb80000)
  from space 5120K, 99% used [0x00000000ef080000,0x00000000ef57c878,0x00000000ef580000)
  to   space 5120K, 0% used [0x00000000eeb80000,0x00000000eeb80000,0x00000000ef080000)
 ParOldGen       total 87040K, used 6711K [0x00000000c0000000, 0x00000000c5500000, 0x00000000eaa80000)
  object space 87040K, 7% used [0x00000000c0000000,0x00000000c068dd70,0x00000000c5500000)
 PSPermGen       total 21504K, used 5630K [0x00000000bae00000, 0x00000000bc300000, 0x00000000c0000000)
  object space 21504K, 26% used [0x00000000bae00000,0x00000000bb37f828,0x00000000bc300000)
}

Deoptimization events (10 events):
Event: 2.346 Thread 0x00000000023be800 Uncommon trap: reason=class_check action=maybe_recompile pc=0x0000000002823f10 method=java.util.HashMap.put(Ljava/lang/Object;Ljava/lang/Object;)Ljava/lang/Object; @ 83
Event: 2.347 Thread 0x00000000023be800 Uncommon trap: reason=class_check action=maybe_recompile pc=0x0000000002823f10 method=java.util.HashMap.put(Ljava/lang/Object;Ljava/lang/Object;)Ljava/lang/Object; @ 83
Event: 2.347 Thread 0x00000000023be800 Uncommon trap: reason=class_check action=maybe_recompile pc=0x0000000002823f10 method=java.util.HashMap.put(Ljava/lang/Object;Ljava/lang/Object;)Ljava/lang/Object; @ 83
Event: 2.403 Thread 0x00000000023be800 Uncommon trap: reason=bimorphic action=maybe_recompile pc=0x00000000028fa71c method=com.android.dx.ssa.LiteralOpUpgrader.tryReplacingWithConstant(Lcom/android/dx/ssa/NormalSsaInsn;)Z @ 52
Event: 2.688 Thread 0x00000000023be800 Uncommon trap: reason=class_check action=maybe_recompile pc=0x000000000294166c method=com.android.dx.ssa.SCCP.replaceConstants()V @ 127
Event: 2.688 Thread 0x00000000023be800 Uncommon trap: reason=bimorphic action=maybe_recompile pc=0x00000000028f0868 method=com.android.dx.ssa.LiteralOpUpgrader.tryReplacingWithConstant(Lcom/android/dx/ssa/NormalSsaInsn;)Z @ 52
Event: 2.810 Thread 0x00000000023be800 Uncommon trap: reason=bimorphic action=maybe_recompile pc=0x0000000002903994 method=com.android.dx.ssa.LiteralOpUpgrader.tryReplacingWithConstant(Lcom/android/dx/ssa/NormalSsaInsn;)Z @ 52
Event: 2.846 Thread 0x00000000023be800 Uncommon trap: reason=unreached action=reinterpret pc=0x0000000002874d18 method=com.android.dx.ssa.LocalVariableExtractor.processBlock(I)V @ 251
Event: 3.015 Thread 0x00000000023be800 Uncommon trap: reason=class_check action=maybe_recompile pc=0x000000000294166c method=com.android.dx.ssa.SCCP.replaceConstants()V @ 127
Event: 3.112 Thread 0x00000000023be800 Uncommon trap: reason=class_check action=maybe_recompile pc=0x000000000294166c method=com.android.dx.ssa.SCCP.replaceConstants()V @ 127

Internal exceptions (10 events):
Event: 1.261 Thread 0x00000000023be800 Threw 0x00000000ec8e67e8 at C:\re\jdk7u79\2331\hotspot\src\share\vm\prims\jvm.cpp:1304
Event: 1.830 Thread 0x00000000023be800 Implicit null exception at 0x00000000028d4ab7 to 0x00000000028d51a1
Event: 1.832 Thread 0x00000000023be800 Implicit null exception at 0x00000000028b75a7 to 0x00000000028b9309
Event: 1.870 Thread 0x00000000023be800 Threw 0x00000000eb698d68 at C:\re\jdk7u79\2331\hotspot\src\share\vm\prims\jvm.cpp:1304
Event: 2.071 Thread 0x00000000023be800 Threw 0x00000000ebfaa778 at C:\re\jdk7u79\2331\hotspot\src\share\vm\prims\jvm.cpp:1304
Event: 2.072 Thread 0x00000000023be800 Threw 0x00000000ebfacc90 at C:\re\jdk7u79\2331\hotspot\src\share\vm\prims\jvm.cpp:1304
Event: 2.106 Thread 0x00000000023be800 Threw 0x00000000ec15b278 at C:\re\jdk7u79\2331\hotspot\src\share\vm\prims\jvm.cpp:1304
Event: 2.107 Thread 0x00000000023be800 Threw 0x00000000ec160d20 at C:\re\jdk7u79\2331\hotspot\src\share\vm\prims\jvm.cpp:1304
Event: 2.107 Thread 0x00000000023be800 Threw 0x00000000ec1662c0 at C:\re\jdk7u79\2331\hotspot\src\share\vm\prims\jvm.cpp:1304
Event: 2.827 Thread 0x00000000023be800 Threw 0x00000000ec2ce0c0 at C:\re\jdk7u79\2331\hotspot\src\share\vm\prims\jvm.cpp:1304

Events (10 events):
Event: 2.827 loading class 0x0000000009dfd890 done
Event: 2.846 Thread 0x00000000023be800 Uncommon trap: trap_request=0xffffffad fr.pc=0x0000000002874d18
Event: 2.846 Thread 0x00000000023be800 DEOPT PACKING pc=0x0000000002874d18 sp=0x000000000279e870
Event: 2.846 Thread 0x00000000023be800 DEOPT UNPACKING pc=0x00000000027d9064 sp=0x000000000279e7e0 mode 2
Event: 3.015 Thread 0x00000000023be800 Uncommon trap: trap_request=0xffffffde fr.pc=0x000000000294166c
Event: 3.015 Thread 0x00000000023be800 DEOPT PACKING pc=0x000000000294166c sp=0x000000000279e880
Event: 3.015 Thread 0x00000000023be800 DEOPT UNPACKING pc=0x00000000027d9064 sp=0x000000000279e7d0 mode 2
Event: 3.112 Thread 0x00000000023be800 Uncommon trap: trap_request=0xffffffde fr.pc=0x000000000294166c
Event: 3.112 Thread 0x00000000023be800 DEOPT PACKING pc=0x000000000294166c sp=0x000000000279e880
Event: 3.112 Thread 0x00000000023be800 DEOPT UNPACKING pc=0x00000000027d9064 sp=0x000000000279e7d0 mode 2


Dynamic libraries:
0x000000013f8a0000 - 0x000000013f8d3000 	C:\Program Files\Java\jdk1.7.0_79\bin\java.exe
0x0000000076de0000 - 0x0000000076f89000 	C:\Windows\SYSTEM32\ntdll.dll
0x0000000076bc0000 - 0x0000000076cdf000 	C:\Windows\system32\kernel32.dll
0x000007fefcbf0000 - 0x000007fefcc5c000 	C:\Windows\system32\KERNELBASE.dll
0x000007fefd060000 - 0x000007fefd13b000 	C:\Windows\system32\ADVAPI32.dll
0x000007fefd5b0000 - 0x000007fefd64f000 	C:\Windows\system32\msvcrt.dll
0x000007fefd590000 - 0x000007fefd5af000 	C:\Windows\SYSTEM32\sechost.dll
0x000007fefd1c0000 - 0x000007fefd2ed000 	C:\Windows\system32\RPCRT4.dll
0x0000000076ce0000 - 0x0000000076dda000 	C:\Windows\system32\USER32.dll
0x000007fefcff0000 - 0x000007fefd057000 	C:\Windows\system32\GDI32.dll
0x000007feff0e0000 - 0x000007feff0ee000 	C:\Windows\system32\LPK.dll
0x000007fefee30000 - 0x000007fefeef9000 	C:\Windows\system32\USP10.dll
0x000007fefb590000 - 0x000007fefb784000 	C:\Windows\WinSxS\amd64_microsoft.windows.common-controls_6595b64144ccf1df_6.0.7601.18837_none_fa3b1e3d17594757\COMCTL32.dll
0x000007fefe7f0000 - 0x000007fefe861000 	C:\Windows\system32\SHLWAPI.dll
0x000007fefd190000 - 0x000007fefd1be000 	C:\Windows\system32\IMM32.DLL
0x000007fefead0000 - 0x000007fefebd9000 	C:\Windows\system32\MSCTF.dll
0x000000005c750000 - 0x000000005c822000 	C:\Program Files\Java\jdk1.7.0_79\jre\bin\msvcr100.dll
0x0000000059c40000 - 0x000000005a415000 	C:\Program Files\Java\jdk1.7.0_79\jre\bin\server\jvm.dll
0x000007fefa3a0000 - 0x000007fefa3a9000 	C:\Windows\system32\WSOCK32.dll
0x000007fefd140000 - 0x000007fefd18d000 	C:\Windows\system32\WS2_32.dll
0x000007fefd2f0000 - 0x000007fefd2f8000 	C:\Windows\system32\NSI.dll
0x000007fefab80000 - 0x000007fefabbb000 	C:\Windows\system32\WINMM.dll
0x0000000076fa0000 - 0x0000000076fa7000 	C:\Windows\system32\PSAPI.DLL
0x0000000059c30000 - 0x0000000059c3f000 	C:\Program Files\Java\jdk1.7.0_79\jre\bin\verify.dll
0x0000000059c00000 - 0x0000000059c28000 	C:\Program Files\Java\jdk1.7.0_79\jre\bin\java.dll
0x0000000059be0000 - 0x0000000059bf5000 	C:\Program Files\Java\jdk1.7.0_79\jre\bin\zip.dll
0x0000000059bc0000 - 0x0000000059bda000 	C:\Program Files\Java\jdk1.7.0_79\jre\bin\net.dll
0x000007fefc330000 - 0x000007fefc385000 	C:\Windows\system32\mswsock.dll
0x000007fefc320000 - 0x000007fefc327000 	C:\Windows\System32\wship6.dll
0x0000000059ba0000 - 0x0000000059bb1000 	C:\Program Files\Java\jdk1.7.0_79\jre\bin\nio.dll

VM Arguments:
jvm_args: -Xmx1024M -Dfile.encoding=windows-1252 -Duser.country=US -Duser.language=en -Duser.variant 
java_command: com.android.dx.command.Main --dex --output C:\Users\ian\AndroidStudioProjects\Build_It_Bigger\app\build\intermediates\pre-dexed\debug\classes-7951e86394cec0cde97c5e6915f703ed5656a198.jar C:\Users\ian\AndroidStudioProjects\Build_It_Bigger\app\build\intermediates\exploded-aar\com.android.support\appcompat-v7\22.2.0\jars\classes.jar
Launcher Type: SUN_STANDARD

Environment Variables:
JAVA_HOME=C:\Program Files\Java\jdk1.7.0_79
JRE_HOME=C:\Program Files\Java\jre7
PATH=C:\Program Files (x86)\NVIDIA Corporation\PhysX\Common;C:\Windows\system32;C:\Windows;C:\Windows\System32\Wbem;C:\Windows\System32\WindowsPowerShell\v1.0\;C:\Program Files (x86)\ATI Technologies\ATI.ACE\Core-Static;C:\Program Files (x86)\AMD\ATI.ACE\Core-Static;C:\Program Files (x86)\Windows Kits\8.1\Windows Performance Toolkit\;C:\Program Files\Microsoft SQL Server\110\Tools\Binn\;C:\Program Files (x86)\Microsoft SDKs\TypeScript\1.0\;C:\Program Files\Microsoft SQL Server\120\Tools\Binn\;C:\Program Files (x86)\GtkSharp\2.12\bin;C:\Program Files\Java\jdk1.7.0_79;C:\Program Files (x86)\Skype\Phone\;C:\gradle-2.7\bin
USERNAME=ian
OS=Windows_NT
PROCESSOR_IDENTIFIER=AMD64 Family 21 Model 2 Stepping 0, AuthenticAMD



---------------  S Y S T E M  ---------------

OS: Windows 7 , 64 bit Build 7601 Service Pack 1

CPU:total 8 (8 cores per cpu, 1 threads per core) family 21 model 2 stepping 0, cmov, cx8, fxsr, mmx, sse, sse2, sse3, ssse3, sse4.1, sse4.2, popcnt, avx, aes, mmxext, 3dnowpref, lzcnt, sse4a, tsc, tscinvbit, tscinv

Memory: 4k page, physical 8358884k(1524832k free), swap 9430160k(5928k free)

vm_info: Java HotSpot(TM) 64-Bit Server VM (24.79-b02) for windows-amd64 JRE (1.7.0_79-b15), built on Apr 10 2015 12:36:16 by "java_re" with unknown MS VC++:1600

time: Mon Oct 19 16:04:18 2015
elapsed time: 3 seconds

