#
# There is insufficient memory for the Java Runtime Environment to continue.
# Native memory allocation (malloc) failed to allocate 1048576 bytes for AllocateHeap
# Possible reasons:
#   The system is out of physical RAM or swap space
#   In 32 bit mode, the process size limit was hit
# Possible solutions:
#   Reduce memory load on the system
#   Increase physical memory or swap space
#   Check if swap backing store is full
#   Use 64 bit Java on a 64 bit OS
#   Decrease Java heap size (-Xmx/-Xms)
#   Decrease number of Java threads
#   Decrease Java thread stack sizes (-Xss)
#   Set larger code cache with -XX:ReservedCodeCacheSize=
# This output file may be truncated or incomplete.
#
#  Out of Memory Error (memory/allocation.inline.hpp:61), pid=3620, tid=6208
#
# JRE version:  (7.0_79-b15) (build )
# Java VM: Java HotSpot(TM) 64-Bit Server VM (24.79-b02 mixed mode windows-amd64 compressed oops)
# Failed to write core dump. Minidumps are not enabled by default on client versions of Windows
#

---------------  T H R E A D  ---------------

Current thread (0x000000000220e800):  JavaThread "Unknown thread" [_thread_in_vm, id=6208, stack(0x0000000002360000,0x0000000002460000)]

Stack: [0x0000000002360000,0x0000000002460000]
[error occurred during error reporting (printing stack bounds), id 0xc0000005]


---------------  P R O C E S S  ---------------

Java Threads: ( => current thread )

Other Threads:

=>0x000000000220e800 (exited) JavaThread "Unknown thread" [_thread_in_vm, id=6208, stack(0x0000000002360000,0x0000000002460000)]

VM state:not at safepoint (normal execution)

VM Mutex/Monitor currently owned by a thread: None

Heap
 PSYoungGen      total 38400K, used 665K [0x00000000eaa80000, 0x00000000ed500000, 0x0000000100000000)
  eden space 33280K, 2% used [0x00000000eaa80000,0x00000000eab266b8,0x00000000ecb00000)
  from space 5120K, 0% used [0x00000000ed000000,0x00000000ed000000,0x00000000ed500000)
  to   space 5120K, 0% used [0x00000000ecb00000,0x00000000ecb00000,0x00000000ed000000)
 ParOldGen       total 87040K, used 0K [0x00000000c0000000, 0x00000000c5500000, 0x00000000eaa80000)
  object space 87040K, 0% used [0x00000000c0000000,0x00000000c0000000,0x00000000c5500000)
 PSPermGen       total 21504K, used 697K [0x00000000bae00000, 0x00000000bc300000, 0x00000000c0000000)
  object space 21504K, 3% used [0x00000000bae00000,0x00000000baeae588,0x00000000bc300000)

Card table byte_map: [0x0000000005520000,0x0000000005750000] byte_map_base: 0x0000000004f49000

Polling page: 0x0000000000130000

Code Cache  [0x0000000002460000, 0x00000000026d0000, 0x0000000005460000)
 total_blobs=37 nmethods=0 adapters=20 free_code_cache=48890Kb largest_free_block=50063104

Compilation events (0 events):
No events

GC Heap History (0 events):
No events

Deoptimization events (0 events):
No events

Internal exceptions (0 events):
No events

Events (10 events):
Event: 0.082 loading class 0x0000000008a603e0
Event: 0.083 loading class 0x0000000008a603e0 done
Event: 0.083 loading class 0x0000000008a60430
Event: 0.083 loading class 0x0000000008a60430 done
Event: 0.083 loading class 0x0000000008a60480
Event: 0.083 loading class 0x0000000008a60480 done
Event: 0.083 loading class 0x0000000008a61200
Event: 0.083 loading class 0x0000000008a61200 done
Event: 0.083 loading class 0x0000000008a60e20
Event: 0.083 loading class 0x0000000008a60e20 done


Dynamic libraries:
0x000000013f8a0000 - 0x000000013f8d3000 	C:\Program Files\Java\jdk1.7.0_79\bin\java.exe
0x0000000076de0000 - 0x0000000076f89000 	C:\Windows\SYSTEM32\ntdll.dll
0x0000000076bc0000 - 0x0000000076cdf000 	C:\Windows\system32\kernel32.dll
0x000007fefcbf0000 - 0x000007fefcc5c000 	C:\Windows\system32\KERNELBASE.dll
0x000007fefd060000 - 0x000007fefd13b000 	C:\Windows\system32\ADVAPI32.dll
0x000007fefd5b0000 - 0x000007fefd64f000 	C:\Windows\system32\msvcrt.dll
0x000007fefd590000 - 0x000007fefd5af000 	C:\Windows\SYSTEM32\sechost.dll
0x000007fefd1c0000 - 0x000007fefd2ed000 	C:\Windows\system32\RPCRT4.dll
0x0000000076ce0000 - 0x0000000076dda000 	C:\Windows\system32\USER32.dll
0x000007fefcff0000 - 0x000007fefd057000 	C:\Windows\system32\GDI32.dll
0x000007feff0e0000 - 0x000007feff0ee000 	C:\Windows\system32\LPK.dll
0x000007fefee30000 - 0x000007fefeef9000 	C:\Windows\system32\USP10.dll
0x000007fefb590000 - 0x000007fefb784000 	C:\Windows\WinSxS\amd64_microsoft.windows.common-controls_6595b64144ccf1df_6.0.7601.18837_none_fa3b1e3d17594757\COMCTL32.dll
0x000007fefe7f0000 - 0x000007fefe861000 	C:\Windows\system32\SHLWAPI.dll
0x000007fefd190000 - 0x000007fefd1be000 	C:\Windows\system32\IMM32.DLL
0x000007fefead0000 - 0x000007fefebd9000 	C:\Windows\system32\MSCTF.dll
0x000000005c750000 - 0x000000005c822000 	C:\Program Files\Java\jdk1.7.0_79\jre\bin\msvcr100.dll
0x0000000059c40000 - 0x000000005a415000 	C:\Program Files\Java\jdk1.7.0_79\jre\bin\server\jvm.dll
0x000007fefa3a0000 - 0x000007fefa3a9000 	C:\Windows\system32\WSOCK32.dll
0x000007fefd140000 - 0x000007fefd18d000 	C:\Windows\system32\WS2_32.dll
0x000007fefd2f0000 - 0x000007fefd2f8000 	C:\Windows\system32\NSI.dll
0x000007fefab80000 - 0x000007fefabbb000 	C:\Windows\system32\WINMM.dll
0x0000000076fa0000 - 0x0000000076fa7000 	C:\Windows\system32\PSAPI.DLL
0x0000000059c30000 - 0x0000000059c3f000 	C:\Program Files\Java\jdk1.7.0_79\jre\bin\verify.dll
0x0000000059c00000 - 0x0000000059c28000 	C:\Program Files\Java\jdk1.7.0_79\jre\bin\java.dll
0x0000000059be0000 - 0x0000000059bf5000 	C:\Program Files\Java\jdk1.7.0_79\jre\bin\zip.dll

VM Arguments:
jvm_args: -Xmx1024M -Dfile.encoding=windows-1252 -Duser.country=US -Duser.language=en -Duser.variant 
java_command: com.android.dx.command.Main --dex --output C:\Users\ian\AndroidStudioProjects\Build_It_Bigger\app\build\intermediates\pre-dexed\debug\classes-e0794d2548838cced214d8998a076379a2aeaf91.jar C:\Users\ian\AndroidStudioProjects\Build_It_Bigger\app\build\intermediates\exploded-aar\com.google.android.gms\play-services-ads\7.3.0\jars\classes.jar
Launcher Type: SUN_STANDARD

Environment Variables:
JAVA_HOME=C:\Program Files\Java\jdk1.7.0_79
JRE_HOME=C:\Program Files\Java\jre7
PATH=C:\Program Files (x86)\NVIDIA Corporation\PhysX\Common;C:\Windows\system32;C:\Windows;C:\Windows\System32\Wbem;C:\Windows\System32\WindowsPowerShell\v1.0\;C:\Program Files (x86)\ATI Technologies\ATI.ACE\Core-Static;C:\Program Files (x86)\AMD\ATI.ACE\Core-Static;C:\Program Files (x86)\Windows Kits\8.1\Windows Performance Toolkit\;C:\Program Files\Microsoft SQL Server\110\Tools\Binn\;C:\Program Files (x86)\Microsoft SDKs\TypeScript\1.0\;C:\Program Files\Microsoft SQL Server\120\Tools\Binn\;C:\Program Files (x86)\GtkSharp\2.12\bin;C:\Program Files\Java\jdk1.7.0_79;C:\Program Files (x86)\Skype\Phone\;C:\gradle-2.7\bin
USERNAME=ian
OS=Windows_NT
PROCESSOR_IDENTIFIER=AMD64 Family 21 Model 2 Stepping 0, AuthenticAMD



---------------  S Y S T E M  ---------------

OS: Windows 7 , 64 bit Build 7601 Service Pack 1

CPU:total 8 (8 cores per cpu, 1 threads per core) family 21 model 2 stepping 0, cmov, cx8, fxsr, mmx, sse, sse2, sse3, ssse3, sse4.1, sse4.2, popcnt, avx, aes, mmxext, 3dnowpref, lzcnt, sse4a, tsc, tscinvbit, tscinv

Memory: 4k page, physical 8358884k(1780116k free), swap 9430160k(5128k free)

vm_info: Java HotSpot(TM) 64-Bit Server VM (24.79-b02) for windows-amd64 JRE (1.7.0_79-b15), built on Apr 10 2015 12:36:16 by "java_re" with unknown MS VC++:1600

time: Mon Oct 19 15:59:31 2015
elapsed time: 0 seconds

