#
# There is insufficient memory for the Java Runtime Environment to continue.
# Native memory allocation (malloc) failed to allocate 389616 bytes for Chunk::new
# Possible reasons:
#   The system is out of physical RAM or swap space
#   In 32 bit mode, the process size limit was hit
# Possible solutions:
#   Reduce memory load on the system
#   Increase physical memory or swap space
#   Check if swap backing store is full
#   Use 64 bit Java on a 64 bit OS
#   Decrease Java heap size (-Xmx/-Xms)
#   Decrease number of Java threads
#   Decrease Java thread stack sizes (-Xss)
#   Set larger code cache with -XX:ReservedCodeCacheSize=
# This output file may be truncated or incomplete.
#
#  Out of Memory Error (allocation.cpp:323), pid=1072, tid=1552
#
# JRE version: Java(TM) SE Runtime Environment (7.0_79-b15) (build 1.7.0_79-b15)
# Java VM: Java HotSpot(TM) 64-Bit Server VM (24.79-b02 mixed mode windows-amd64 compressed oops)
# Failed to write core dump. Minidumps are not enabled by default on client versions of Windows
#

---------------  T H R E A D  ---------------

Current thread (0x0000000008b7c800):  JavaThread "C2 CompilerThread1" daemon [_thread_in_native, id=1552, stack(0x000000000adc0000,0x000000000aec0000)]

Stack: [0x000000000adc0000,0x000000000aec0000]
[error occurred during error reporting (printing stack bounds), id 0xc0000005]


Current CompileTask:
C2:   4987  579             com.android.dx.cf.code.Simulator$SimVisitor::visitConstant (332 bytes)


---------------  P R O C E S S  ---------------

Java Threads: ( => current thread )
  0x0000000008b7f800 JavaThread "Service Thread" daemon [_thread_blocked, id=4232, stack(0x000000000b440000,0x000000000b540000)]
=>0x0000000008b7c800 JavaThread "C2 CompilerThread1" daemon [_thread_in_native, id=1552, stack(0x000000000adc0000,0x000000000aec0000)]
  0x0000000008b75800 JavaThread "C2 CompilerThread0" daemon [_thread_in_native, id=5204, stack(0x000000000b2a0000,0x000000000b3a0000)]
  0x0000000008b74800 JavaThread "Attach Listener" daemon [_thread_blocked, id=4732, stack(0x000000000b170000,0x000000000b270000)]
  0x0000000008b73000 JavaThread "Signal Dispatcher" daemon [_thread_blocked, id=4704, stack(0x000000000b060000,0x000000000b160000)]
  0x0000000002277000 JavaThread "Finalizer" daemon [_thread_blocked, id=5552, stack(0x000000000aec0000,0x000000000afc0000)]
  0x0000000002276000 JavaThread "Reference Handler" daemon [_thread_blocked, id=2612, stack(0x000000000ab40000,0x000000000ac40000)]
  0x0000000001dae800 JavaThread "main" [_thread_in_Java, id=7040, stack(0x00000000024d0000,0x00000000025d0000)]

Other Threads:
  0x0000000008b5d000 VMThread [stack: 0x000000000ac90000,0x000000000ad90000] [id=1792]
  0x0000000009c2d800 WatcherThread [stack: 0x000000000b650000,0x000000000b750000] [id=3752]

VM state:not at safepoint (normal execution)

VM Mutex/Monitor currently owned by a thread: None

Heap
 PSYoungGen      total 138240K, used 15757K [0x00000000eaa80000, 0x00000000f3680000, 0x0000000100000000)
  eden space 133120K, 7% used [0x00000000eaa80000,0x00000000eb4e6140,0x00000000f2c80000)
  from space 5120K, 99% used [0x00000000f3180000,0x00000000f367d448,0x00000000f3680000)
  to   space 5120K, 0% used [0x00000000f2c80000,0x00000000f2c80000,0x00000000f3180000)
 ParOldGen       total 87040K, used 27776K [0x00000000c0000000, 0x00000000c5500000, 0x00000000eaa80000)
  object space 87040K, 31% used [0x00000000c0000000,0x00000000c1b203a8,0x00000000c5500000)
 PSPermGen       total 21504K, used 5729K [0x00000000bae00000, 0x00000000bc300000, 0x00000000c0000000)
  object space 21504K, 26% used [0x00000000bae00000,0x00000000bb398730,0x00000000bc300000)

Card table byte_map: [0x00000000055d0000,0x0000000005800000] byte_map_base: 0x0000000004ff9000

Polling page: 0x0000000000130000

Code Cache  [0x00000000025d0000, 0x0000000002840000, 0x00000000055d0000)
 total_blobs=808 nmethods=575 adapters=186 free_code_cache=46762Kb largest_free_block=47847936

Compilation events (10 events):
Event: 4.837 Thread 0x0000000008b7c800 nmethod 578 0x0000000002780010 code [0x0000000002780180, 0x0000000002780488]
Event: 4.837 Thread 0x0000000008b7c800  579             com.android.dx.cf.code.Simulator$SimVisitor::visitConstant (332 bytes)
Event: 4.839 Thread 0x0000000008b75800 nmethod 574 0x000000000282ad90 code [0x000000000282af40, 0x000000000282b988]
Event: 4.839 Thread 0x0000000008b75800  580             com.android.dx.cf.code.Simulator$SimVisitor::visitLocal (329 bytes)
Event: 4.949 Thread 0x0000000008b75800 nmethod 580 0x000000000282c110 code [0x000000000282c360, 0x000000000282d320]
Event: 4.949 Thread 0x0000000008b75800  581             com.android.dx.cf.code.ByteCatchList::toRopCatchList (57 bytes)
Event: 4.954 Thread 0x0000000008b75800 nmethod 581 0x0000000002810950 code [0x0000000002810ac0, 0x0000000002810de8]
Event: 4.954 Thread 0x0000000008b75800  582             java.util.TreeMap$ValueIterator::next (8 bytes)
Event: 4.956 Thread 0x0000000008b75800 nmethod 582 0x0000000002810550 code [0x00000000028106a0, 0x00000000028107b8]
Event: 4.956 Thread 0x0000000008b75800  583   !         com.android.dx.cf.code.RopperMachine::run (1550 bytes)

GC Heap History (8 events):
Event: 1.827 GC heap before
{Heap before GC invocations=1 (full 0):
 PSYoungGen      total 38400K, used 33280K [0x00000000eaa80000, 0x00000000ed500000, 0x0000000100000000)
  eden space 33280K, 100% used [0x00000000eaa80000,0x00000000ecb00000,0x00000000ecb00000)
  from space 5120K, 0% used [0x00000000ed000000,0x00000000ed000000,0x00000000ed500000)
  to   space 5120K, 0% used [0x00000000ecb00000,0x00000000ecb00000,0x00000000ed000000)
 ParOldGen       total 87040K, used 0K [0x00000000c0000000, 0x00000000c5500000, 0x00000000eaa80000)
  object space 87040K, 0% used [0x00000000c0000000,0x00000000c0000000,0x00000000c5500000)
 PSPermGen       total 21504K, used 5527K [0x00000000bae00000, 0x00000000bc300000, 0x00000000c0000000)
  object space 21504K, 25% used [0x00000000bae00000,0x00000000bb365e50,0x00000000bc300000)
Event: 1.979 GC heap after
Heap after GC invocations=1 (full 0):
 PSYoungGen      total 38400K, used 5095K [0x00000000eaa80000, 0x00000000ef580000, 0x0000000100000000)
  eden space 33280K, 0% used [0x00000000eaa80000,0x00000000eaa80000,0x00000000ecb00000)
  from space 5120K, 99% used [0x00000000ecb00000,0x00000000ecff9c78,0x00000000ed000000)
  to   space 5120K, 0% used [0x00000000ef080000,0x00000000ef080000,0x00000000ef580000)
 ParOldGen       total 87040K, used 1709K [0x00000000c0000000, 0x00000000c5500000, 0x00000000eaa80000)
  object space 87040K, 1% used [0x00000000c0000000,0x00000000c01ab4a0,0x00000000c5500000)
 PSPermGen       total 21504K, used 5527K [0x00000000bae00000, 0x00000000bc300000, 0x00000000c0000000)
  object space 21504K, 25% used [0x00000000bae00000,0x00000000bb365e50,0x00000000bc300000)
}
Event: 2.650 GC heap before
{Heap before GC invocations=2 (full 0):
 PSYoungGen      total 38400K, used 38375K [0x00000000eaa80000, 0x00000000ef580000, 0x0000000100000000)
  eden space 33280K, 100% used [0x00000000eaa80000,0x00000000ecb00000,0x00000000ecb00000)
  from space 5120K, 99% used [0x00000000ecb00000,0x00000000ecff9c78,0x00000000ed000000)
  to   space 5120K, 0% used [0x00000000ef080000,0x00000000ef080000,0x00000000ef580000)
 ParOldGen       total 87040K, used 1709K [0x00000000c0000000, 0x00000000c5500000, 0x00000000eaa80000)
  object space 87040K, 1% used [0x00000000c0000000,0x00000000c01ab4a0,0x00000000c5500000)
 PSPermGen       total 21504K, used 5589K [0x00000000bae00000, 0x00000000bc300000, 0x00000000c0000000)
  object space 21504K, 25% used [0x00000000bae00000,0x00000000bb375518,0x00000000bc300000)
Event: 2.682 GC heap after
Heap after GC invocations=2 (full 0):
 PSYoungGen      total 71680K, used 5101K [0x00000000eaa80000, 0x00000000ef580000, 0x0000000100000000)
  eden space 66560K, 0% used [0x00000000eaa80000,0x00000000eaa80000,0x00000000eeb80000)
  from space 5120K, 99% used [0x00000000ef080000,0x00000000ef57b7d0,0x00000000ef580000)
  to   space 5120K, 0% used [0x00000000eeb80000,0x00000000eeb80000,0x00000000ef080000)
 ParOldGen       total 87040K, used 6838K [0x00000000c0000000, 0x00000000c5500000, 0x00000000eaa80000)
  object space 87040K, 7% used [0x00000000c0000000,0x00000000c06ad9e0,0x00000000c5500000)
 PSPermGen       total 21504K, used 5589K [0x00000000bae00000, 0x00000000bc300000, 0x00000000c0000000)
  object space 21504K, 25% used [0x00000000bae00000,0x00000000bb375518,0x00000000bc300000)
}
Event: 3.809 GC heap before
{Heap before GC invocations=3 (full 0):
 PSYoungGen      total 71680K, used 71661K [0x00000000eaa80000, 0x00000000ef580000, 0x0000000100000000)
  eden space 66560K, 100% used [0x00000000eaa80000,0x00000000eeb80000,0x00000000eeb80000)
  from space 5120K, 99% used [0x00000000ef080000,0x00000000ef57b7d0,0x00000000ef580000)
  to   space 5120K, 0% used [0x00000000eeb80000,0x00000000eeb80000,0x00000000ef080000)
 ParOldGen       total 87040K, used 6838K [0x00000000c0000000, 0x00000000c5500000, 0x00000000eaa80000)
  object space 87040K, 7% used [0x00000000c0000000,0x00000000c06ad9e0,0x00000000c5500000)
 PSPermGen       total 21504K, used 5687K [0x00000000bae00000, 0x00000000bc300000, 0x00000000c0000000)
  object space 21504K, 26% used [0x00000000bae00000,0x00000000bb38dde8,0x00000000bc300000)
Event: 4.081 GC heap after
Heap after GC invocations=3 (full 0):
 PSYoungGen      total 71680K, used 5107K [0x00000000eaa80000, 0x00000000f3680000, 0x0000000100000000)
  eden space 66560K, 0% used [0x00000000eaa80000,0x00000000eaa80000,0x00000000eeb80000)
  from space 5120K, 99% used [0x00000000eeb80000,0x00000000ef07cd28,0x00000000ef080000)
  to   space 5120K, 0% used [0x00000000f3180000,0x00000000f3180000,0x00000000f3680000)
 ParOldGen       total 87040K, used 17416K [0x00000000c0000000, 0x00000000c5500000, 0x00000000eaa80000)
  object space 87040K, 20% used [0x00000000c0000000,0x00000000c1102370,0x00000000c5500000)
 PSPermGen       total 21504K, used 5687K [0x00000000bae00000, 0x00000000bc300000, 0x00000000c0000000)
  object space 21504K, 26% used [0x00000000bae00000,0x00000000bb38dde8,0x00000000bc300000)
}
Event: 4.844 GC heap before
{Heap before GC invocations=4 (full 0):
 PSYoungGen      total 71680K, used 71667K [0x00000000eaa80000, 0x00000000f3680000, 0x0000000100000000)
  eden space 66560K, 100% used [0x00000000eaa80000,0x00000000eeb80000,0x00000000eeb80000)
  from space 5120K, 99% used [0x00000000eeb80000,0x00000000ef07cd28,0x00000000ef080000)
  to   space 5120K, 0% used [0x00000000f3180000,0x00000000f3180000,0x00000000f3680000)
 ParOldGen       total 87040K, used 17416K [0x00000000c0000000, 0x00000000c5500000, 0x00000000eaa80000)
  object space 87040K, 20% used [0x00000000c0000000,0x00000000c1102370,0x00000000c5500000)
 PSPermGen       total 21504K, used 5728K [0x00000000bae00000, 0x00000000bc300000, 0x00000000c0000000)
  object space 21504K, 26% used [0x00000000bae00000,0x00000000bb398130,0x00000000bc300000)
Event: 4.929 GC heap after
Heap after GC invocations=4 (full 0):
 PSYoungGen      total 138240K, used 5109K [0x00000000eaa80000, 0x00000000f3680000, 0x0000000100000000)
  eden space 133120K, 0% used [0x00000000eaa80000,0x00000000eaa80000,0x00000000f2c80000)
  from space 5120K, 99% used [0x00000000f3180000,0x00000000f367d448,0x00000000f3680000)
  to   space 5120K, 0% used [0x00000000f2c80000,0x00000000f2c80000,0x00000000f3180000)
 ParOldGen       total 87040K, used 27776K [0x00000000c0000000, 0x00000000c5500000, 0x00000000eaa80000)
  object space 87040K, 31% used [0x00000000c0000000,0x00000000c1b203a8,0x00000000c5500000)
 PSPermGen       total 21504K, used 5728K [0x00000000bae00000, 0x00000000bc300000, 0x00000000c0000000)
  object space 21504K, 26% used [0x00000000bae00000,0x00000000bb398130,0x00000000bc300000)
}

Deoptimization events (10 events):
Event: 3.333 Thread 0x0000000001dae800 Uncommon trap: reason=class_check action=maybe_recompile pc=0x0000000002731b6c method=com.android.dx.cf.code.Ropper.processBlock(Lcom/android/dx/cf/code/ByteBlock;Lcom/android/dx/cf/code/Frame;[I)V @ 777
Event: 3.333 Thread 0x0000000001dae800 Uncommon trap: reason=class_check action=maybe_recompile pc=0x0000000002731b6c method=com.android.dx.cf.code.Ropper.processBlock(Lcom/android/dx/cf/code/ByteBlock;Lcom/android/dx/cf/code/Frame;[I)V @ 777
Event: 3.333 Thread 0x0000000001dae800 Uncommon trap: reason=class_check action=maybe_recompile pc=0x0000000002731b6c method=com.android.dx.cf.code.Ropper.processBlock(Lcom/android/dx/cf/code/ByteBlock;Lcom/android/dx/cf/code/Frame;[I)V @ 777
Event: 3.333 Thread 0x0000000001dae800 Uncommon trap: reason=class_check action=maybe_recompile pc=0x0000000002731b6c method=com.android.dx.cf.code.Ropper.processBlock(Lcom/android/dx/cf/code/ByteBlock;Lcom/android/dx/cf/code/Frame;[I)V @ 777
Event: 3.348 Thread 0x0000000001dae800 Uncommon trap: reason=class_check action=maybe_recompile pc=0x0000000002748a18 method=com.android.dx.ssa.PhiTypeResolver.run()V @ 132
Event: 3.647 Thread 0x0000000001dae800 Uncommon trap: reason=null_check action=make_not_entrant pc=0x00000000027a0480 method=com.android.dx.dex.file.FieldIdsSection.intern(Lcom/android/dx/rop/cst/CstFieldRef;)Lcom/android/dx/dex/file/FieldIdItem; @ 26
Event: 4.683 Thread 0x0000000001dae800 Uncommon trap: reason=bimorphic action=maybe_recompile pc=0x00000000027fb81c method=com.android.dx.cf.code.BytecodeArray.parseInstruction(ILcom/android/dx/cf/code/BytecodeArray$Visitor;)I @ 1161
Event: 4.687 Thread 0x0000000001dae800 Uncommon trap: reason=bimorphic action=maybe_recompile pc=0x00000000027fb81c method=com.android.dx.cf.code.BytecodeArray.parseInstruction(ILcom/android/dx/cf/code/BytecodeArray$Visitor;)I @ 1161
Event: 4.725 Thread 0x0000000001dae800 Uncommon trap: reason=bimorphic action=maybe_recompile pc=0x00000000027fb780 method=com.android.dx.cf.code.BytecodeArray.parseInstruction(ILcom/android/dx/cf/code/BytecodeArray$Visitor;)I @ 1130
Event: 4.725 Thread 0x0000000001dae800 Uncommon trap: reason=bimorphic action=maybe_recompile pc=0x00000000027fb780 method=com.android.dx.cf.code.BytecodeArray.parseInstruction(ILcom/android/dx/cf/code/BytecodeArray$Visitor;)I @ 1130

Internal exceptions (10 events):
Event: 3.023 Thread 0x0000000001dae800 Threw 0x00000000ebf20130 at C:\re\jdk7u79\2331\hotspot\src\share\vm\prims\jvm.cpp:1304
Event: 3.023 Thread 0x0000000001dae800 Threw 0x00000000ebf223e0 at C:\re\jdk7u79\2331\hotspot\src\share\vm\prims\jvm.cpp:1304
Event: 3.023 Thread 0x0000000001dae800 Threw 0x00000000ebf25228 at C:\re\jdk7u79\2331\hotspot\src\share\vm\prims\jvm.cpp:1304
Event: 3.049 Thread 0x0000000001dae800 Threw 0x00000000ec0d2df0 at C:\re\jdk7u79\2331\hotspot\src\share\vm\prims\jvm.cpp:1304
Event: 3.054 Thread 0x0000000001dae800 Threw 0x00000000ec137ab0 at C:\re\jdk7u79\2331\hotspot\src\share\vm\prims\jvm.cpp:1304
Event: 3.054 Thread 0x0000000001dae800 Threw 0x00000000ec139fc8 at C:\re\jdk7u79\2331\hotspot\src\share\vm\prims\jvm.cpp:1304
Event: 3.056 Thread 0x0000000001dae800 Threw 0x00000000ec1513e0 at C:\re\jdk7u79\2331\hotspot\src\share\vm\prims\jvm.cpp:1304
Event: 3.057 Thread 0x0000000001dae800 Threw 0x00000000ec156bf8 at C:\re\jdk7u79\2331\hotspot\src\share\vm\prims\jvm.cpp:1304
Event: 3.057 Thread 0x0000000001dae800 Threw 0x00000000ec15c1a8 at C:\re\jdk7u79\2331\hotspot\src\share\vm\prims\jvm.cpp:1304
Event: 4.575 Thread 0x0000000001dae800 Threw 0x00000000eceb09d8 at C:\re\jdk7u79\2331\hotspot\src\share\vm\prims\jvm.cpp:1304

Events (10 events):
Event: 4.687 Thread 0x0000000001dae800 DEOPT UNPACKING pc=0x0000000002609064 sp=0x00000000025ce5a8 mode 2
Event: 4.725 Thread 0x0000000001dae800 Uncommon trap: trap_request=0xffffffc6 fr.pc=0x00000000027fb780
Event: 4.725 Thread 0x0000000001dae800 DEOPT PACKING pc=0x00000000027fb780 sp=0x00000000025ce600
Event: 4.725 Thread 0x0000000001dae800 DEOPT UNPACKING pc=0x0000000002609064 sp=0x00000000025ce5b8 mode 2
Event: 4.725 Thread 0x0000000001dae800 Uncommon trap: trap_request=0xffffffc6 fr.pc=0x00000000027fb780
Event: 4.725 Thread 0x0000000001dae800 DEOPT PACKING pc=0x00000000027fb780 sp=0x00000000025ce5f0
Event: 4.725 Thread 0x0000000001dae800 DEOPT UNPACKING pc=0x0000000002609064 sp=0x00000000025ce5a8 mode 2
Event: 4.843 Executing VM operation: ParallelGCFailedAllocation
Event: 4.929 Executing VM operation: ParallelGCFailedAllocation done
Event: 4.956 Thread 0x0000000008b75800 flushing nmethod 0x00000000026555d0


Dynamic libraries:
0x000000013fac0000 - 0x000000013faf3000 	C:\Program Files\Java\jdk1.7.0_79\bin\java.exe
0x0000000076de0000 - 0x0000000076f89000 	C:\Windows\SYSTEM32\ntdll.dll
0x0000000076bc0000 - 0x0000000076cdf000 	C:\Windows\system32\kernel32.dll
0x000007fefcbf0000 - 0x000007fefcc5c000 	C:\Windows\system32\KERNELBASE.dll
0x000007fefd060000 - 0x000007fefd13b000 	C:\Windows\system32\ADVAPI32.dll
0x000007fefd5b0000 - 0x000007fefd64f000 	C:\Windows\system32\msvcrt.dll
0x000007fefd590000 - 0x000007fefd5af000 	C:\Windows\SYSTEM32\sechost.dll
0x000007fefd1c0000 - 0x000007fefd2ed000 	C:\Windows\system32\RPCRT4.dll
0x0000000076ce0000 - 0x0000000076dda000 	C:\Windows\system32\USER32.dll
0x000007fefcff0000 - 0x000007fefd057000 	C:\Windows\system32\GDI32.dll
0x000007feff0e0000 - 0x000007feff0ee000 	C:\Windows\system32\LPK.dll
0x000007fefee30000 - 0x000007fefeef9000 	C:\Windows\system32\USP10.dll
0x000007fefb590000 - 0x000007fefb784000 	C:\Windows\WinSxS\amd64_microsoft.windows.common-controls_6595b64144ccf1df_6.0.7601.18837_none_fa3b1e3d17594757\COMCTL32.dll
0x000007fefe7f0000 - 0x000007fefe861000 	C:\Windows\system32\SHLWAPI.dll
0x000007fefd190000 - 0x000007fefd1be000 	C:\Windows\system32\IMM32.DLL
0x000007fefead0000 - 0x000007fefebd9000 	C:\Windows\system32\MSCTF.dll
0x0000000059580000 - 0x0000000059652000 	C:\Program Files\Java\jdk1.7.0_79\jre\bin\msvcr100.dll
0x0000000059c40000 - 0x000000005a415000 	C:\Program Files\Java\jdk1.7.0_79\jre\bin\server\jvm.dll
0x000007fefa3a0000 - 0x000007fefa3a9000 	C:\Windows\system32\WSOCK32.dll
0x000007fefd140000 - 0x000007fefd18d000 	C:\Windows\system32\WS2_32.dll
0x000007fefd2f0000 - 0x000007fefd2f8000 	C:\Windows\system32\NSI.dll
0x000007fefab80000 - 0x000007fefabbb000 	C:\Windows\system32\WINMM.dll
0x0000000076fa0000 - 0x0000000076fa7000 	C:\Windows\system32\PSAPI.DLL
0x0000000059c30000 - 0x0000000059c3f000 	C:\Program Files\Java\jdk1.7.0_79\jre\bin\verify.dll
0x0000000059c00000 - 0x0000000059c28000 	C:\Program Files\Java\jdk1.7.0_79\jre\bin\java.dll
0x0000000059be0000 - 0x0000000059bf5000 	C:\Program Files\Java\jdk1.7.0_79\jre\bin\zip.dll
0x0000000059bc0000 - 0x0000000059bda000 	C:\Program Files\Java\jdk1.7.0_79\jre\bin\net.dll
0x000007fefc330000 - 0x000007fefc385000 	C:\Windows\system32\mswsock.dll
0x000007fefc320000 - 0x000007fefc327000 	C:\Windows\System32\wship6.dll
0x0000000059ba0000 - 0x0000000059bb1000 	C:\Program Files\Java\jdk1.7.0_79\jre\bin\nio.dll

VM Arguments:
jvm_args: -Xmx1024M -Dfile.encoding=windows-1252 -Duser.country=US -Duser.language=en -Duser.variant 
java_command: com.android.dx.command.Main --dex --output C:\Users\ian\AndroidStudioProjects\Build_It_Bigger\app\build\intermediates\pre-dexed\debug\classes-36ba53bc2441879f47ec7ef0a1cb5c02665192d5.jar C:\Users\ian\AndroidStudioProjects\Build_It_Bigger\app\build\intermediates\exploded-aar\com.android.support\support-v4\22.1.1\jars\classes.jar
Launcher Type: SUN_STANDARD

Environment Variables:
JAVA_HOME=C:\Program Files\Java\jdk1.7.0_79
JRE_HOME=C:\Program Files\Java\jre7
PATH=C:\Program Files (x86)\NVIDIA Corporation\PhysX\Common;C:\Windows\system32;C:\Windows;C:\Windows\System32\Wbem;C:\Windows\System32\WindowsPowerShell\v1.0\;C:\Program Files (x86)\ATI Technologies\ATI.ACE\Core-Static;C:\Program Files (x86)\AMD\ATI.ACE\Core-Static;C:\Program Files (x86)\Windows Kits\8.1\Windows Performance Toolkit\;C:\Program Files\Microsoft SQL Server\110\Tools\Binn\;C:\Program Files (x86)\Microsoft SDKs\TypeScript\1.0\;C:\Program Files\Microsoft SQL Server\120\Tools\Binn\;C:\Program Files (x86)\GtkSharp\2.12\bin;C:\Program Files\Java\jdk1.7.0_79;C:\Program Files (x86)\Skype\Phone\;C:\gradle-2.7\bin
USERNAME=ian
OS=Windows_NT
PROCESSOR_IDENTIFIER=AMD64 Family 21 Model 2 Stepping 0, AuthenticAMD



---------------  S Y S T E M  ---------------

OS: Windows 7 , 64 bit Build 7601 Service Pack 1

CPU:total 8 (8 cores per cpu, 1 threads per core) family 21 model 2 stepping 0, cmov, cx8, fxsr, mmx, sse, sse2, sse3, ssse3, sse4.1, sse4.2, popcnt, avx, aes, mmxext, 3dnowpref, lzcnt, sse4a, tsc, tscinvbit, tscinv

Memory: 4k page, physical 8358884k(1754048k free), swap 9396632k(17284k free)

vm_info: Java HotSpot(TM) 64-Bit Server VM (24.79-b02) for windows-amd64 JRE (1.7.0_79-b15), built on Apr 10 2015 12:36:16 by "java_re" with unknown MS VC++:1600

time: Mon Oct 19 15:44:04 2015
elapsed time: 4 seconds

